*** sqljoin.sh: Sat Dec 31 06:09:11 PST 2016 ***

lpt208K-pt208K JOIN
———————————————————
Creating mysql table pt208K
Loading table from pt208K.csv	time: 0.3733 sec, 308784 rows read
Creating mysql table lpt208K
Loading table from lpt208K.csv	time: 0.0807 sec, 212992 rows read
Performing table join		time: 1.1880 sec

lpt416K-pt416K JOIN
———————————————————
Creating mysql table pt416K
Loading table from pt416K.csv	time: 0.3733 sec, 308784 rows read
Creating mysql table lpt416K
Loading table from lpt416K.csv	time: 0.1562 sec, 425984 rows read
Performing table join		time: 2.3650 sec

lpt832K-pt832K JOIN
———————————————————
Creating mysql table pt832K
Loading table from pt832K.csv	time: 0.3791 sec, 308784 rows read
Creating mysql table lpt832K
Loading table from lpt832K.csv	time: 0.3157 sec, 851968 rows read
Performing table join		time: 4.8717 sec

lpt2M-pt2M JOIN
———————————————
Creating mysql table pt2M
Loading table from pt2M.csv	time: 0.3727 sec, 308784 rows read
Creating mysql table lpt2M
Loading table from lpt2M.csv	time: 0.6046 sec, 1703936 rows read
Performing table join		time: 9.6019 sec

lpt3M-pt3M JOIN
———————————————
Creating mysql table pt3M
Loading table from pt3M.csv	time: 0.3723 sec, 308784 rows read
Creating mysql table lpt3M
Loading table from lpt3M.csv	time: 1.1075 sec, 3407872 rows read
Performing table join		time: 19.1917 sec

lpt7M-pt7M JOIN
———————————————
Creating mysql table pt7M
Loading table from pt7M.csv	time: 0.3847 sec, 308784 rows read
Creating mysql table lpt7M
Loading table from lpt7M.csv	time: 2.1261 sec, 6815744 rows read
Performing table join		time: 38.7150 sec

lpt10M-pt10M JOIN
—————————————————
Creating mysql table pt10M
Loading table from pt10M.csv	time: 0.3739 sec, 308784 rows read
Creating mysql table lpt10M
Loading table from lpt10M.csv	time: 3.1200 sec, 10223616 rows read
Performing table join		time: 57.5089 sec

lpt13M-pt13M JOIN
—————————————————
Creating mysql table pt13M
Loading table from pt13M.csv	time: 0.3833 sec, 308784 rows read
Creating mysql table lpt13M
Loading table from lpt13M.csv	time: 4.1192 sec, 13631488 rows read
Performing table join		time: 78.2346 sec

lpt16M-pt16M JOIN
—————————————————
Creating mysql table pt16M
Loading table from pt16M.csv	time: 0.3729 sec, 308784 rows read
Creating mysql table lpt16M
Loading table from lpt16M.csv	time: 5.2325 sec, 17039360 rows read
Performing table join		time: 97.3474 sec

SQL table JOINs done!

MySQL JOIN times (sec): [1.1880 2.3650 4.8717 9.6019 19.1917 38.7150 57.5089 78.2346 97.3474]
List written to /home/rasbar/dev/coursework/e6893/project/output/sqljoin.tms
