*** sqljoin.sh: Sat Dec 31 03:35:18 PST 2016 ***

lpt208K-pt208K JOIN
———————————————————
Creating mysql table pt208K
Loading table from pt208K.csv	time: 0.0061 sec, 2784 rows read
Creating mysql table lpt208K
Loading table from lpt208K.csv	time: 0.0865 sec, 212992 rows read
Performing table join		time: 1.1414 sec

lpt416K-pt416K JOIN
———————————————————
Creating mysql table pt416K
Loading table from pt416K.csv	time: 0.0122 sec, 2784 rows read
Creating mysql table lpt416K
Loading table from lpt416K.csv	time: 0.1567 sec, 425984 rows read
Performing table join		time: 2.2881 sec

lpt832K-pt832K JOIN
———————————————————
Creating mysql table pt832K
Loading table from pt832K.csv	time: 0.0109 sec, 2784 rows read
Creating mysql table lpt832K
Loading table from lpt832K.csv	time: 0.3043 sec, 851968 rows read
Performing table join		time: 4.3952 sec

lpt2M-pt2M JOIN
———————————————
Creating mysql table pt2M
Loading table from pt2M.csv	time: 0.0130 sec, 2784 rows read
Creating mysql table lpt2M
Loading table from lpt2M.csv	time: 0.6113 sec, 1703936 rows read
Performing table join		time: 8.8039 sec

lpt3M-pt3M JOIN
———————————————
Creating mysql table pt3M
Loading table from pt3M.csv	time: 0.0119 sec, 2784 rows read
Creating mysql table lpt3M
Loading table from lpt3M.csv	time: 1.2339 sec, 3407872 rows read
Performing table join		time: 17.9002 sec

lpt7M-pt7M JOIN
———————————————
Creating mysql table pt7M
Loading table from pt7M.csv	time: 0.0127 sec, 2784 rows read
Creating mysql table lpt7M
Loading table from lpt7M.csv	time: 2.4675 sec, 6815744 rows read
Performing table join		time: 36.3685 sec

lpt10M-pt10M JOIN
—————————————————
Creating mysql table pt10M
Loading table from pt10M.csv	time: 0.0135 sec, 2784 rows read
Creating mysql table lpt10M
Loading table from lpt10M.csv	time: 3.6941 sec, 10223616 rows read
Performing table join		time: 55.2851 sec

lpt13M-pt13M JOIN
—————————————————
Creating mysql table pt13M
Loading table from pt13M.csv	time: 0.0103 sec, 2784 rows read
Creating mysql table lpt13M
Loading table from lpt13M.csv	time: 4.9148 sec, 13631488 rows read
Performing table join		time: 73.7836 sec

lpt16M-pt16M JOIN
—————————————————
Creating mysql table pt16M
Loading table from pt16M.csv	time: 0.0132 sec, 2784 rows read
Creating mysql table lpt16M
Loading table from lpt16M.csv	time: 6.1406 sec, 17039360 rows read
Performing table join		time: 92.4419 sec

SQL table JOINs done!

MySQL JOIN times (sec): [1.1414 2.2881 4.3952 8.8039 17.9002 36.3685 55.2851 73.7836 92.4419]
List written to /home/rasbar/dev/coursework/e6893/project/output/sqljoin.tms
