*** sqljoin.sh: Sat Dec 31 02:28:29 PST 2016 ***

lpt208K-pt16M JOIN
——————————————————
Creating mysql table pt16M
Loading table from pt16M.csv	time: 0.4769 sec, 391456 rows read
Creating mysql table lpt208K
Loading table from lpt208K.csv	time: 0.0799 sec, 212992 rows read
Performing table join		time: 1.2145 sec

lpt416K-pt16M JOIN
——————————————————
Creating mysql table lpt416K
Loading table from lpt416K.csv	time: 0.1541 sec, 425984 rows read
Performing table join		time: 2.4646 sec

lpt832K-pt16M JOIN
——————————————————
Creating mysql table lpt832K
Loading table from lpt832K.csv	time: 0.3060 sec, 851968 rows read
Performing table join		time: 4.9962 sec

lpt2M-pt16M JOIN
————————————————
Creating mysql table lpt2M
Loading table from lpt2M.csv	time: 0.6141 sec, 1703936 rows read
Performing table join		time: 10.0606 sec

lpt3M-pt16M JOIN
————————————————
Creating mysql table lpt3M
Loading table from lpt3M.csv	time: 1.1145 sec, 3407872 rows read
Performing table join		time: 19.7966 sec

lpt7M-pt16M JOIN
————————————————
Creating mysql table lpt7M
Loading table from lpt7M.csv	time: 2.1209 sec, 6815744 rows read
Performing table join		time: 40.2023 sec

lpt10M-pt16M JOIN
—————————————————
Creating mysql table lpt10M
Loading table from lpt10M.csv	time: 3.1202 sec, 10223616 rows read
Performing table join		time: 59.9519 sec

lpt13M-pt16M JOIN
—————————————————
Creating mysql table lpt13M
Loading table from lpt13M.csv	time: 4.1191 sec, 13631488 rows read
Performing table join		time: 81.2520 sec

lpt16M-pt16M JOIN
—————————————————
Creating mysql table lpt16M
Loading table from lpt16M.csv	time: 5.0973 sec, 17039360 rows read
Performing table join		time: 101.8283 sec

SQL table JOINs done!

MySQL JOIN times (sec): [1.2145 2.4646 4.9962 10.0606 19.7966 40.2023 59.9519 81.2520 101.8283]
List written to /home/rasbar/dev/coursework/e6893/project/output/sqljoin-pt16M.tms
